Arguments: 
  /Users/vicnaum/.nvm/versions/node/v14.18.2/bin/node /Users/vicnaum/.nvm/versions/node/v14.18.2/bin/yarn add @ethersproject/utils --dev

PATH: 
  /Users/vicnaum/.nvm/versions/node/v14.18.2/bin:/Users/vicnaum/.pyenv/shims:/usr/local/bin:/usr/bin:/bin:/usr/sbin:/sbin:/usr/local/share/dotnet:~/.dotnet/tools:/Users/vicnaum/.nvm/versions/node/v14.18.2/bin:/Users/vicnaum/.pyenv/shims:/Users/vicnaum/.foundry/bin:/Users/vicnaum/.foundry/bin

Yarn version: 
  1.22.17

Node version: 
  14.18.2

Platform: 
  darwin x64

Trace: 
  Error: https://registry.yarnpkg.com/@ethersproject%2futils: Not found
      at Request.params.callback [as _callback] (/Users/vicnaum/.nvm/versions/node/v14.18.2/lib/node_modules/yarn/lib/cli.js:67029:18)
      at Request.self.callback (/Users/vicnaum/.nvm/versions/node/v14.18.2/lib/node_modules/yarn/lib/cli.js:140883:22)
      at Request.emit (events.js:400:28)
      at Request.<anonymous> (/Users/vicnaum/.nvm/versions/node/v14.18.2/lib/node_modules/yarn/lib/cli.js:141855:10)
      at Request.emit (events.js:400:28)
      at IncomingMessage.<anonymous> (/Users/vicnaum/.nvm/versions/node/v14.18.2/lib/node_modules/yarn/lib/cli.js:141777:12)
      at Object.onceWrapper (events.js:519:28)
      at IncomingMessage.emit (events.js:412:35)
      at endReadableNT (internal/streams/readable.js:1334:12)
      at processTicksAndRejections (internal/process/task_queues.js:82:21)

npm manifest: 
  {
    "author": "Richard Moore <me@ricmoo.com>",
    "dependencies": {
      "@ethersproject/bytes": "^5.6.0",
      "@ethersproject/logger": "^5.6.0",
      "bn.js": "^4.11.9"
    },
    "description": "BigNumber library used in ethers.js.",
    "ethereum": "donations.ethers.eth",
    "funding": [
      {
        "type": "individual",
        "url": "https://gitcoin.co/grants/13/ethersjs-complete-simple-and-tiny-2"
      },
      {
        "type": "individual",
        "url": "https://www.buymeacoffee.com/ricmoo"
      }
    ],
    "keywords": [
      "Ethereum",
      "bignumber",
      "bn"
    ],
    "license": "MIT",
    "main": "./lib/index.js",
    "module": "./lib.esm/index.js",
    "name": "@ethersproject/bignumber",
    "publishConfig": {
      "access": "public"
    },
    "repository": {
      "directory": "packages/bignumber",
      "type": "git",
      "url": "git://github.com/ethers-io/ethers.js.git"
    },
    "scripts": {
      "test": "echo \"Error: no test specified\" && exit 1"
    },
    "sideEffects": false,
    "tarballHash": "0xffcf139ec01d3c95ed1f8b9274398ce62c61e6db410ae30d23609c7227d94992",
    "types": "./lib/index.d.ts",
    "version": "5.6.0",
    "devDependencies": {
      "@types/mocha": "^9.1.0"
    }
  }

yarn manifest: 
  No manifest

Lockfile: 
  # THIS IS AN AUTOGENERATED FILE. DO NOT EDIT THIS FILE DIRECTLY.
  # yarn lockfile v1
  
  
  "@ethersproject/bytes@^5.6.0":
    version "5.6.0"
    resolved "https://registry.yarnpkg.com/@ethersproject/bytes/-/bytes-5.6.0.tgz#81652f2a0e04533575befadce555213c11d8aa20"
    integrity sha512-3hJPlYemb9V4VLfJF5BfN0+55vltPZSHU3QKUyP9M3Y2TcajbiRrz65UG+xVHOzBereB1b9mn7r12o177xgN7w==
    dependencies:
      "@ethersproject/logger" "^5.6.0"
  
  "@ethersproject/logger@^5.6.0":
    version "5.6.0"
    resolved "https://registry.yarnpkg.com/@ethersproject/logger/-/logger-5.6.0.tgz#d7db1bfcc22fd2e4ab574cba0bb6ad779a9a3e7a"
    integrity sha512-BiBWllUROH9w+P21RzoxJKzqoqpkyM1pRnEKG69bulE9TSQD8SAIvTQqIMZmmCO8pUNkgLP1wndX1gKghSpBmg==
  
  "@types/mocha@^9.1.0":
    version "9.1.0"
    resolved "https://registry.yarnpkg.com/@types/mocha/-/mocha-9.1.0.tgz#baf17ab2cca3fcce2d322ebc30454bff487efad5"
    integrity sha512-QCWHkbMv4Y5U9oW10Uxbr45qMMSzl4OzijsozynUAgx3kEHUdXB00udx2dWDQ7f2TU2a2uuiFaRZjCe3unPpeg==
  
  bn.js@^4.11.9:
    version "4.12.0"
    resolved "https://registry.yarnpkg.com/bn.js/-/bn.js-4.12.0.tgz#775b3f278efbb9718eec7361f483fb36fbbfea88"
    integrity sha512-c98Bf3tPniI+scsdk237ku1Dc3ujXQTSgyiPUDEOe7tRkhrqridvh8klBv0HCEso1OLOYcHuCv/cS6DNxKH+ZA==
